<?xml version="1.0" encoding="UTF-8"?>
<!-- Generated by org.testng.reporters.JUnitXMLReporter -->
<testsuite hostname="DESKTOP-C6BTCAD" name="Command line test" tests="1" failures="0" timestamp="18 Jun 2021 18:54:13 GMT" time="0.031" errors="0">
  <testcase name="@BeforeTest setUP" time="0.0" classname="com.massmutual.util.Runner">
    <failure type="org.testng.TestNGException" message="
Parameter &amp;apos;tags&amp;apos; is required by @Configuration on method setUP but has not been marked @Optional or defined
">
      <![CDATA[org.testng.TestNGException: 
Parameter 'tags' is required by @Configuration on method setUP but has not been marked @Optional or defined

	at org.infinitest.testrunner.testng.TestNgRunner.runTest(TestNgRunner.java:82)
	at org.infinitest.testrunner.DefaultRunner.runTest(DefaultRunner.java:60)
	at org.infinitest.testrunner.TestRunnerProcess.runTest(TestRunnerProcess.java:70)
	at org.infinitest.testrunner.TestRunnerProcess.writeTestResultToOutputStream(TestRunnerProcess.java:112)
	at org.infinitest.testrunner.TestRunnerProcess.main(TestRunnerProcess.java:89)
... Removed 16 stack frames]]>
    </failure>
  </testcase> <!-- @BeforeTest setUP -->
  <testcase name="@AfterTest tearDown" time="0.0" classname="com.massmutual.util.Runner">
    <failure type="java.lang.NullPointerException">
      <![CDATA[java.lang.NullPointerException
	at com.massmutual.util.Runner.tearDown(Runner.java:59)
	at org.infinitest.testrunner.testng.TestNgRunner.runTest(TestNgRunner.java:82)
	at org.infinitest.testrunner.DefaultRunner.runTest(DefaultRunner.java:60)
	at org.infinitest.testrunner.TestRunnerProcess.runTest(TestRunnerProcess.java:70)
	at org.infinitest.testrunner.TestRunnerProcess.writeTestResultToOutputStream(TestRunnerProcess.java:112)
	at org.infinitest.testrunner.TestRunnerProcess.main(TestRunnerProcess.java:89)
... Removed 19 stack frames]]>
    </failure>
  </testcase> <!-- @AfterTest tearDown -->
  <testcase name="runFeatures" time="0.005" classname="com.massmutual.util.Runner">
    <skipped/>
  </testcase> <!-- runFeatures -->
</testsuite> <!-- Command line test -->
